{"C:\\work\\purple\\express-api\\src\\types.ts": {"path":"C:\\work\\purple\\express-api\\src\\types.ts","statementMap":{"0":{"start":{"line":1,"column":13},"end":{"line":10,"column":2}}},"fnMap":{},"branchMap":{},"s":{"0":1},"f":{},"b":{}}
,"C:\\work\\purple\\express-api\\src\\users\\user.entity.ts": {"path":"C:\\work\\purple\\express-api\\src\\users\\user.entity.ts","statementMap":{"0":{"start":{"line":2,"column":0},"end":{"line":2,"column":54}},"1":{"start":{"line":7,"column":25},"end":{"line":7,"column":39}},"2":{"start":{"line":8,"column":25},"end":{"line":8,"column":38}},"3":{"start":{"line":12,"column":21},"end":{"line":12,"column":56}},"4":{"start":{"line":13,"column":8},"end":{"line":13,"column":41}},"5":{"start":{"line":14,"column":8},"end":{"line":14,"column":20}},"6":{"start":{"line":18,"column":8},"end":{"line":18,"column":27}},"7":{"start":{"line":22,"column":8},"end":{"line":22,"column":26}},"8":{"start":{"line":26,"column":8},"end":{"line":26,"column":30}},"9":{"start":{"line":30,"column":21},"end":{"line":30,"column":44}},"10":{"start":{"line":31,"column":8},"end":{"line":31,"column":52}},"11":{"start":{"line":35,"column":8},"end":{"line":35,"column":49}},"12":{"start":{"line":4,"column":0},"end":{"line":4,"column":13}}},"fnMap":{"0":{"name":"(anonymous_7)","decl":{"start":{"line":6,"column":4},"end":{"line":6,"column":null}},"loc":{"start":{"line":8,"column":38},"end":{"line":9,"column":8}}},"1":{"name":"(anonymous_8)","decl":{"start":{"line":11,"column":11},"end":{"line":11,"column":17}},"loc":{"start":{"line":11,"column":49},"end":{"line":15,"column":5}}},"2":{"name":"(anonymous_9)","decl":{"start":{"line":17,"column":4},"end":{"line":17,"column":8}},"loc":{"start":{"line":17,"column":13},"end":{"line":19,"column":5}}},"3":{"name":"(anonymous_10)","decl":{"start":{"line":21,"column":4},"end":{"line":21,"column":8}},"loc":{"start":{"line":21,"column":12},"end":{"line":23,"column":5}}},"4":{"name":"(anonymous_11)","decl":{"start":{"line":25,"column":4},"end":{"line":25,"column":8}},"loc":{"start":{"line":25,"column":16},"end":{"line":27,"column":5}}},"5":{"name":"(anonymous_12)","decl":{"start":{"line":29,"column":17},"end":{"line":29,"column":28}},"loc":{"start":{"line":29,"column":65},"end":{"line":32,"column":null}}},"6":{"name":"(anonymous_14)","decl":{"start":{"line":34,"column":17},"end":{"line":34,"column":33}},"loc":{"start":{"line":34,"column":50},"end":{"line":36,"column":null}}}},"branchMap":{},"s":{"0":1,"1":3,"2":3,"3":2,"4":2,"5":2,"6":1,"7":1,"8":1,"9":1,"10":1,"11":2,"12":1},"f":{"0":3,"1":2,"2":1,"3":1,"4":1,"5":1,"6":2},"b":{}}
,"C:\\work\\purple\\express-api\\src\\users\\user.service.ts": {"path":"C:\\work\\purple\\express-api\\src\\users\\user.service.ts","statementMap":{"0":{"start":{"line":1,"column":0},"end":{"line":1,"column":47}},"1":{"start":{"line":4,"column":0},"end":{"line":4,"column":37}},"2":{"start":{"line":7,"column":0},"end":{"line":7,"column":33}},"3":{"start":{"line":13,"column":7},"end":{"line":43,"column":null}},"4":{"start":{"line":16,"column":54},"end":{"line":16,"column":91}},"5":{"start":{"line":17,"column":55},"end":{"line":17,"column":88}},"6":{"start":{"line":19,"column":8},"end":{"line":19,"column":65}},"7":{"start":{"line":22,"column":22},"end":{"line":22,"column":53}},"8":{"start":{"line":23,"column":8},"end":{"line":25,"column":9}},"9":{"start":{"line":24,"column":12},"end":{"line":24,"column":24}},"10":{"start":{"line":26,"column":24},"end":{"line":26,"column":45}},"11":{"start":{"line":27,"column":8},"end":{"line":27,"column":61}},"12":{"start":{"line":28,"column":8},"end":{"line":28,"column":45}},"13":{"start":{"line":32,"column":21},"end":{"line":32,"column":52}},"14":{"start":{"line":33,"column":8},"end":{"line":36,"column":9}},"15":{"start":{"line":34,"column":28},"end":{"line":34,"column":52}},"16":{"start":{"line":35,"column":12},"end":{"line":35,"column":54}},"17":{"start":{"line":37,"column":8},"end":{"line":37,"column":21}},"18":{"start":{"line":41,"column":8},"end":{"line":41,"column":41}},"19":{"start":{"line":13,"column":13},"end":{"line":13,"column":24}},"20":{"start":{"line":13,"column":13},"end":{"line":43,"column":null}}},"fnMap":{"0":{"name":"(anonymous_11)","decl":{"start":{"line":15,"column":4},"end":{"line":15,"column":null}},"loc":{"start":{"line":17,"column":88},"end":{"line":20,"column":5}}},"1":{"name":"(anonymous_12)","decl":{"start":{"line":21,"column":10},"end":{"line":21,"column":20}},"loc":{"start":{"line":21,"column":63},"end":{"line":29,"column":null}}},"2":{"name":"(anonymous_14)","decl":{"start":{"line":31,"column":10},"end":{"line":31,"column":22}},"loc":{"start":{"line":31,"column":56},"end":{"line":38,"column":null}}},"3":{"name":"(anonymous_16)","decl":{"start":{"line":40,"column":10},"end":{"line":40,"column":21}},"loc":{"start":{"line":40,"column":35},"end":{"line":42,"column":null}}}},"branchMap":{"0":{"loc":{"start":{"line":23,"column":8},"end":{"line":25,"column":9}},"type":"if","locations":[{"start":{"line":23,"column":8},"end":{"line":25,"column":9}}]},"1":{"loc":{"start":{"line":33,"column":8},"end":{"line":36,"column":9}},"type":"if","locations":[{"start":{"line":33,"column":8},"end":{"line":36,"column":9}}]}},"s":{"0":1,"1":1,"2":1,"3":1,"4":1,"5":1,"6":1,"7":1,"8":1,"9":0,"10":1,"11":1,"12":1,"13":3,"14":3,"15":2,"16":2,"17":1,"18":0,"19":1,"20":1},"f":{"0":1,"1":1,"2":3,"3":0},"b":{"0":[0],"1":[2]}}
}
