TN:
SF:src\types.ts
FNF:0
FNH:0
DA:1,1
LF:1
LH:1
BRF:0
BRH:0
end_of_record
TN:
SF:src\users\user.entity.ts
FN:6,(anonymous_7)
FN:11,(anonymous_8)
FN:17,(anonymous_9)
FN:21,(anonymous_10)
FN:25,(anonymous_11)
FN:29,(anonymous_12)
FN:34,(anonymous_14)
FNF:7
FNH:7
FNDA:3,(anonymous_7)
FNDA:2,(anonymous_8)
FNDA:1,(anonymous_9)
FNDA:1,(anonymous_10)
FNDA:1,(anonymous_11)
FNDA:1,(anonymous_12)
FNDA:2,(anonymous_14)
DA:2,1
DA:4,1
DA:7,3
DA:8,3
DA:12,2
DA:13,2
DA:14,2
DA:18,1
DA:22,1
DA:26,1
DA:30,1
DA:31,1
DA:35,2
LF:13
LH:13
BRF:0
BRH:0
end_of_record
TN:
SF:src\users\user.service.ts
FN:15,(anonymous_11)
FN:21,(anonymous_12)
FN:31,(anonymous_14)
FN:40,(anonymous_16)
FNF:4
FNH:3
FNDA:1,(anonymous_11)
FNDA:1,(anonymous_12)
FNDA:3,(anonymous_14)
FNDA:0,(anonymous_16)
DA:1,1
DA:4,1
DA:7,1
DA:13,1
DA:16,1
DA:17,1
DA:19,1
DA:22,1
DA:23,1
DA:24,0
DA:26,1
DA:27,1
DA:28,1
DA:32,3
DA:33,3
DA:34,2
DA:35,2
DA:37,1
DA:41,0
LF:19
LH:17
BRDA:23,0,0,0
BRDA:33,1,0,2
BRF:2
BRH:1
end_of_record
